<?xml version="1.0" encoding="UTF-8"?>
<testng-results ignored="0" total="5" passed="5" failed="0" skipped="0">
  <reporter-output>
  </reporter-output>
  <suite started-at="2024-08-28T14:29:42 IST" name="Suite" finished-at="2024-08-28T14:30:21 IST" duration-ms="38778">
    <groups>
      <group name="Regression">
        <method signature="LoginTest.verifyTheUserIsAbleToLoginUsingvalidCredentials()[pri:0, instance:testscript.LoginTest@27eedb64]" name="verifyTheUserIsAbleToLoginUsingvalidCredentials" class="testscript.LoginTest"/>
        <method signature="LogoutTest.verifyIfAdminIsAbleToLogOut()[pri:0, instance:testscript.LogoutTest@3c9c0d96]" name="verifyIfAdminIsAbleToLogOut" class="testscript.LogoutTest"/>
      </group> <!-- Regression -->
      <group name="Smoke">
        <method signature="LoginTest.verifyTheUserIsNotAbleToLoginUsingInvalidUsername()[pri:0, instance:testscript.LoginTest@27eedb64]" name="verifyTheUserIsNotAbleToLoginUsingInvalidUsername" class="testscript.LoginTest"/>
      </group> <!-- Smoke -->
    </groups>
    <test started-at="2024-08-28T14:29:42 IST" name="TestNG.xml" finished-at="2024-08-28T14:30:21 IST" duration-ms="38778">
      <class name="testscript.LogoutTest">
        <test-method is-config="true" signature="initialiseBrowser(java.lang.String)[pri:0, instance:testscript.LogoutTest@3c9c0d96]" started-at="2024-08-28T14:30:13 IST" name="initialiseBrowser" finished-at="2024-08-28T14:30:17 IST" duration-ms="3918" status="PASS">
          <params>
            <param index="0">
              <value>
                <![CDATA[Chrome]]>
              </value>
            </param>
          </params>
          <reporter-output>
          </reporter-output>
        </test-method> <!-- initialiseBrowser -->
        <test-method signature="verifyIfAdminIsAbleToLogOut()[pri:0, instance:testscript.LogoutTest@3c9c0d96]" started-at="2024-08-28T14:30:17 IST" name="verifyIfAdminIsAbleToLogOut" description="Verify if user is able to log out from the application" finished-at="2024-08-28T14:30:20 IST" duration-ms="2448" status="PASS">
          <reporter-output>
          </reporter-output>
        </test-method> <!-- verifyIfAdminIsAbleToLogOut -->
        <test-method is-config="true" signature="browserQuit(org.testng.ITestResult)[pri:0, instance:testscript.LogoutTest@3c9c0d96]" started-at="2024-08-28T14:30:20 IST" name="browserQuit" finished-at="2024-08-28T14:30:21 IST" duration-ms="801" status="PASS">
          <params>
            <param index="0">
              <value>
                <![CDATA[[TestResult name=verifyIfAdminIsAbleToLogOut status=SUCCESS method=LogoutTest.verifyIfAdminIsAbleToLogOut()[pri:0, instance:testscript.LogoutTest@3c9c0d96] output={null}]]]>
              </value>
            </param>
          </params>
          <reporter-output>
          </reporter-output>
        </test-method> <!-- browserQuit -->
      </class> <!-- testscript.LogoutTest -->
      <class name="testscript.LoginTest">
        <test-method is-config="true" signature="initialiseBrowser(java.lang.String)[pri:0, instance:testscript.LoginTest@27eedb64]" started-at="2024-08-28T14:29:42 IST" name="initialiseBrowser" finished-at="2024-08-28T14:29:48 IST" duration-ms="5683" status="PASS">
          <params>
            <param index="0">
              <value>
                <![CDATA[Chrome]]>
              </value>
            </param>
          </params>
          <reporter-output>
          </reporter-output>
        </test-method> <!-- initialiseBrowser -->
        <test-method signature="verifyTheUserIsAbleToLoginUsingvalidCredentials()[pri:0, instance:testscript.LoginTest@27eedb64]" started-at="2024-08-28T14:29:48 IST" name="verifyTheUserIsAbleToLoginUsingvalidCredentials" description="Verify if a user is able to login using valid username and a valid password" finished-at="2024-08-28T14:29:52 IST" duration-ms="4284" status="PASS">
          <reporter-output>
          </reporter-output>
        </test-method> <!-- verifyTheUserIsAbleToLoginUsingvalidCredentials -->
        <test-method is-config="true" signature="browserQuit(org.testng.ITestResult)[pri:0, instance:testscript.LoginTest@27eedb64]" started-at="2024-08-28T14:29:52 IST" name="browserQuit" finished-at="2024-08-28T14:29:53 IST" duration-ms="715" status="PASS">
          <params>
            <param index="0">
              <value>
                <![CDATA[[TestResult name=verifyTheUserIsAbleToLoginUsingvalidCredentials status=SUCCESS method=LoginTest.verifyTheUserIsAbleToLoginUsingvalidCredentials()[pri:0, instance:testscript.LoginTest@27eedb64] output={null}]]]>
              </value>
            </param>
          </params>
          <reporter-output>
          </reporter-output>
        </test-method> <!-- browserQuit -->
        <test-method is-config="true" signature="initialiseBrowser(java.lang.String)[pri:0, instance:testscript.LoginTest@27eedb64]" started-at="2024-08-28T14:29:53 IST" name="initialiseBrowser" finished-at="2024-08-28T14:29:58 IST" duration-ms="4393" status="PASS">
          <params>
            <param index="0">
              <value>
                <![CDATA[Chrome]]>
              </value>
            </param>
          </params>
          <reporter-output>
          </reporter-output>
        </test-method> <!-- initialiseBrowser -->
        <test-method signature="verifyTheUserIsNotAbleToLoginUsingInvalidCredentials(java.lang.String,java.lang.String)[pri:0, instance:testscript.LoginTest@27eedb64]" started-at="2024-08-28T14:29:58 IST" name="verifyTheUserIsNotAbleToLoginUsingInvalidCredentials" description="Verify that a user is not able to login when entering an invalid username and invalid password" data-provider="LoginProvider" finished-at="2024-08-28T14:29:59 IST" duration-ms="1160" status="PASS">
          <params>
            <param index="0">
              <value>
                <![CDATA[admin]]>
              </value>
            </param>
            <param index="1">
              <value>
                <![CDATA[akk]]>
              </value>
            </param>
          </params>
          <reporter-output>
          </reporter-output>
        </test-method> <!-- verifyTheUserIsNotAbleToLoginUsingInvalidCredentials -->
        <test-method is-config="true" signature="browserQuit(org.testng.ITestResult)[pri:0, instance:testscript.LoginTest@27eedb64]" started-at="2024-08-28T14:29:59 IST" name="browserQuit" finished-at="2024-08-28T14:29:59 IST" duration-ms="677" status="PASS">
          <params>
            <param index="0">
              <value>
                <![CDATA[[TestResult name=verifyTheUserIsNotAbleToLoginUsingInvalidCredentials status=SUCCESS method=LoginTest.verifyTheUserIsNotAbleToLoginUsingInvalidCredentials(java.lang.String,java.lang.String)[pri:0, instance:testscript.LoginTest@27eedb64] output={null}]]]>
              </value>
            </param>
          </params>
          <reporter-output>
          </reporter-output>
        </test-method> <!-- browserQuit -->
        <test-method is-config="true" signature="initialiseBrowser(java.lang.String)[pri:0, instance:testscript.LoginTest@27eedb64]" started-at="2024-08-28T14:29:59 IST" name="initialiseBrowser" finished-at="2024-08-28T14:30:04 IST" duration-ms="4556" status="PASS">
          <params>
            <param index="0">
              <value>
                <![CDATA[Chrome]]>
              </value>
            </param>
          </params>
          <reporter-output>
          </reporter-output>
        </test-method> <!-- initialiseBrowser -->
        <test-method signature="verifyTheUserIsNotAbleToLoginUsingInvalidPassword()[pri:0, instance:testscript.LoginTest@27eedb64]" started-at="2024-08-28T14:30:04 IST" name="verifyTheUserIsNotAbleToLoginUsingInvalidPassword" description="Verify that a user is not able to login using a valid username and an invalid password" finished-at="2024-08-28T14:30:06 IST" duration-ms="2187" status="PASS">
          <reporter-output>
          </reporter-output>
        </test-method> <!-- verifyTheUserIsNotAbleToLoginUsingInvalidPassword -->
        <test-method is-config="true" signature="browserQuit(org.testng.ITestResult)[pri:0, instance:testscript.LoginTest@27eedb64]" started-at="2024-08-28T14:30:06 IST" name="browserQuit" finished-at="2024-08-28T14:30:07 IST" duration-ms="570" status="PASS">
          <params>
            <param index="0">
              <value>
                <![CDATA[[TestResult name=verifyTheUserIsNotAbleToLoginUsingInvalidPassword status=SUCCESS method=LoginTest.verifyTheUserIsNotAbleToLoginUsingInvalidPassword()[pri:0, instance:testscript.LoginTest@27eedb64] output={null}]]]>
              </value>
            </param>
          </params>
          <reporter-output>
          </reporter-output>
        </test-method> <!-- browserQuit -->
        <test-method is-config="true" signature="initialiseBrowser(java.lang.String)[pri:0, instance:testscript.LoginTest@27eedb64]" started-at="2024-08-28T14:30:07 IST" name="initialiseBrowser" finished-at="2024-08-28T14:30:11 IST" duration-ms="4406" status="PASS">
          <params>
            <param index="0">
              <value>
                <![CDATA[Chrome]]>
              </value>
            </param>
          </params>
          <reporter-output>
          </reporter-output>
        </test-method> <!-- initialiseBrowser -->
        <test-method signature="verifyTheUserIsNotAbleToLoginUsingInvalidUsername()[pri:0, instance:testscript.LoginTest@27eedb64]" started-at="2024-08-28T14:30:11 IST" name="verifyTheUserIsNotAbleToLoginUsingInvalidUsername" description="Verify that a user is not able to login if he uses an incorrect username" finished-at="2024-08-28T14:30:13 IST" duration-ms="1665" status="PASS">
          <reporter-output>
          </reporter-output>
        </test-method> <!-- verifyTheUserIsNotAbleToLoginUsingInvalidUsername -->
        <test-method is-config="true" signature="browserQuit(org.testng.ITestResult)[pri:0, instance:testscript.LoginTest@27eedb64]" started-at="2024-08-28T14:30:13 IST" name="browserQuit" finished-at="2024-08-28T14:30:13 IST" duration-ms="547" status="PASS">
          <params>
            <param index="0">
              <value>
                <![CDATA[[TestResult name=verifyTheUserIsNotAbleToLoginUsingInvalidUsername status=SUCCESS method=LoginTest.verifyTheUserIsNotAbleToLoginUsingInvalidUsername()[pri:0, instance:testscript.LoginTest@27eedb64] output={null}]]]>
              </value>
            </param>
          </params>
          <reporter-output>
          </reporter-output>
        </test-method> <!-- browserQuit -->
      </class> <!-- testscript.LoginTest -->
    </test> <!-- TestNG.xml -->
  </suite> <!-- Suite -->
</testng-results>
