<?xml version="1.0" encoding="UTF-8"?>
<!-- Generated by org.testng.reporters.JUnitXMLReporter -->
<testsuite ignored="0" hostname="DESKTOP-CBIHVAA" failures="0" tests="13" name="TestNG.xml" time="80.549" errors="0" timestamp="2024-09-16T17:54:17 IST">
  <testcase classname="testscript.LoginTest" name="verifyTheUserIsAbleToLogin" time="3.479"/>
  <testcase classname="testscript.LoginTest" name="verifyUserNotAbleToLoginInvalidCredentials" time="0.973"/>
  <testcase classname="testscript.LoginTest" name="verifyUserNotAbleToLoginInvalidPassword" time="1.588"/>
  <testcase classname="testscript.LoginTest" name="verifyUserNotAbleToLoginInvalidUsername" time="1.08"/>
  <testcase classname="testscript.AdminUserTest" name="checkifAdminCanAddANewUser" time="3.444"/>
  <testcase classname="testscript.FooterTextTest" name="verifyWhetherUserCanEditFooterText" time="3.399"/>
  <testcase classname="testscript.ManageCategoryTest" name="verifyIfUserCanAddNewCategory" time="5.172"/>
  <testcase classname="testscript.ManageContactTest" name="verifyIfUserCanUpdateContactDetails" time="3.774"/>
  <testcase classname="testscript.ManageNewsTest" name="verifyAlertIsDisplayedWhenNewNewsisEntered" time="3.195"/>
  <testcase classname="testscript.ManageProductTest" name="checkIfProductIsDeleted" time="2.405"/>
  <testcase classname="testscript.ManageSubCategoryTest" name="changeStatusofSubCategory" time="2.713"/>
  <testcase classname="testscript.ManageSubCategoryTest" name="verifyIfAUserCanAddANewSubCategory" time="3.337"/>
  <testcase classname="testscript.LogoutTest" name="verifyIfAdminIsAbleToLogOut" time="1.628"/>
</testsuite> <!-- TestNG.xml -->
