<?xml version="1.0" encoding="UTF-8"?>
<!-- Generated by org.testng.reporters.JUnitXMLReporter -->
<testsuite ignored="0" hostname="DESKTOP-CBIHVAA" failures="0" tests="5" name="TestNG.xml" time="38.778" errors="0" timestamp="2024-08-28T14:30:22 IST">
  <testcase classname="testscript.LoginTest" name="verifyTheUserIsAbleToLoginUsingvalidCredentials" time="4.284"/>
  <testcase classname="testscript.LoginTest" name="verifyTheUserIsNotAbleToLoginUsingInvalidCredentials" time="1.16"/>
  <testcase classname="testscript.LoginTest" name="verifyTheUserIsNotAbleToLoginUsingInvalidPassword" time="2.187"/>
  <testcase classname="testscript.LoginTest" name="verifyTheUserIsNotAbleToLoginUsingInvalidUsername" time="1.665"/>
  <testcase classname="testscript.LogoutTest" name="verifyIfAdminIsAbleToLogOut" time="2.448"/>
</testsuite> <!-- TestNG.xml -->
