<?xml version="1.0" encoding="UTF-8"?>
<!-- Generated by org.testng.reporters.JUnitXMLReporter -->
<testsuite ignored="1" hostname="DESKTOP-CBIHVAA" failures="0" tests="1" name="Default test" time="10.104" errors="0" timestamp="2024-08-20T16:33:46 IST">
  <testcase classname="testscript.ManageSubCategoryTest" name="verifyIfAUserCanAddANewSubCategory" time="6.17"/>
  <testcase classname="testscript.ManageSubCategoryTest" name="changeStatusofSubCategory" time="0.0">
    <ignored/>
  </testcase> <!-- changeStatusofSubCategory -->
</testsuite> <!-- Default test -->
